C:\USERS\USER\DOCUMENTS\VISUAL STUDIO 2012\PROJECTS\PLAYFAIRASSEMBLY\DEBUG\PLAYFAIRASSEMBLY.ILK
C:\USERS\USER\DOCUMENTS\VISUAL STUDIO 2012\PROJECTS\PLAYFAIRASSEMBLY\DEBUG\PLAYFAIRASSEMBLY.DLL
C:\USERS\USER\DOCUMENTS\VISUAL STUDIO 2012\PROJECTS\PLAYFAIRASSEMBLY\DEBUG\PLAYFAIRASSEMBLY.PDB
C:\Users\user\documents\visual studio 2012\Projects\PlayfairAssembly\PlayfairAssembly\Debug\main.obj
C:\Users\user\documents\visual studio 2012\Projects\PlayfairAssembly\Debug\PlayfairAssembly.lib
C:\Users\user\documents\visual studio 2012\Projects\PlayfairAssembly\Debug\PlayfairAssembly.exp
C:\Users\KaRwTa\Desktop\PlayfairAssembly\PlayfairAssembly\Debug\main.obj
C:\Users\KaRwTa\Desktop\PlayfairAssembly\PlayfairAssembly\Debug\link-cvtres.read.1.tlog
C:\Users\KaRwTa\Desktop\PlayfairAssembly\PlayfairAssembly\Debug\link-cvtres.write.1.tlog
C:\Users\KaRwTa\Desktop\PlayfairAssembly\PlayfairAssembly\Debug\link-rc.read.1.tlog
C:\Users\KaRwTa\Desktop\PlayfairAssembly\PlayfairAssembly\Debug\link-rc.write.1.tlog
C:\Users\KaRwTa\Desktop\PlayfairAssembly\PlayfairAssembly\Debug\link.5100-cvtres.read.1.tlog
C:\Users\KaRwTa\Desktop\PlayfairAssembly\PlayfairAssembly\Debug\link.5100-cvtres.write.1.tlog
C:\Users\KaRwTa\Desktop\PlayfairAssembly\PlayfairAssembly\Debug\link.5100-rc.read.1.tlog
C:\Users\KaRwTa\Desktop\PlayfairAssembly\PlayfairAssembly\Debug\link.5100-rc.write.1.tlog
C:\Users\KaRwTa\Desktop\PlayfairAssembly\PlayfairAssembly\Debug\link.5100.read.1.tlog
C:\Users\KaRwTa\Desktop\PlayfairAssembly\PlayfairAssembly\Debug\link.5100.write.1.tlog
C:\Users\KaRwTa\Desktop\PlayfairAssembly\PlayfairAssembly\Debug\link.command.1.tlog
C:\Users\KaRwTa\Desktop\PlayfairAssembly\PlayfairAssembly\Debug\link.read.1.tlog
C:\Users\KaRwTa\Desktop\PlayfairAssembly\PlayfairAssembly\Debug\link.write.1.tlog
C:\Users\KaRwTa\Desktop\PlayfairAssembly\PlayfairAssembly\Debug\PlayfairAssembly.write.1.tlog
C:\Users\KaRwTa\Desktop\PlayfairAssembly\Debug\PlayfairAssembly.pdb
C:\Users\KaRwTa\Desktop\PlayfairAssembly\Debug\PlayfairAssembly.dll
C:\Users\KaRwTa\Desktop\PlayfairAssembly\Debug\PlayfairAssembly.ilk
